<?xml version="1.0" encoding="UTF-8"?>
<testng-results skipped="0" failed="1" ignored="0" total="12" passed="11">
  <reporter-output>
  </reporter-output>
  <suite name="Command line suite" duration-ms="138085" started-at="2017-09-20T14:09:08Z" finished-at="2017-09-20T14:11:26Z">
    <groups>
    </groups>
    <test name="Command line test" duration-ms="138085" started-at="2017-09-20T14:09:08Z" finished-at="2017-09-20T14:11:26Z">
      <class name="com.mmp.admin_login.UsersTest">
        <test-method status="PASS" signature="setUp()[pri:0, instance:com.mmp.admin_login.UsersTest@3f2a3a5]" name="setUp" is-config="true" duration-ms="11079" started-at="2017-09-20T10:08:57Z" finished-at="2017-09-20T10:09:08Z">
          <reporter-output>
          </reporter-output>
        </test-method> <!-- setUp -->
        <test-method status="PASS" signature="usersLink(java.lang.String, java.lang.String)[pri:0, instance:com.mmp.admin_login.UsersTest@3f2a3a5]" name="usersLink" duration-ms="11883" started-at="2017-09-20T10:09:28Z" data-provider="credentials" finished-at="2017-09-20T10:09:40Z">
          <params>
            <param index="0">
              <value>
                <![CDATA[samjones]]>
              </value>
            </param>
            <param index="1">
              <value>
                <![CDATA[Samjones123]]>
              </value>
            </param>
          </params>
          <reporter-output>
          </reporter-output>
        </test-method> <!-- usersLink -->
        <test-method status="PASS" signature="viewPatByStatus()[pri:1, instance:com.mmp.admin_login.UsersTest@3f2a3a5]" name="viewPatByStatus" duration-ms="163" started-at="2017-09-20T10:10:14Z" finished-at="2017-09-20T10:10:14Z">
          <reporter-output>
          </reporter-output>
        </test-method> <!-- viewPatByStatus -->
        <test-method status="PASS" signature="changeStatusValid()[pri:2, instance:com.mmp.admin_login.UsersTest@3f2a3a5]" name="changeStatusValid" duration-ms="14110" started-at="2017-09-20T10:10:25Z" finished-at="2017-09-20T10:10:39Z">
          <reporter-output>
          </reporter-output>
        </test-method> <!-- changeStatusValid -->
        <test-method status="FAIL" signature="changeStatusBlank()[pri:3, instance:com.mmp.admin_login.UsersTest@3f2a3a5]" name="changeStatusBlank" duration-ms="13749" started-at="2017-09-20T10:10:50Z" finished-at="2017-09-20T10:11:04Z">
          <exception class="java.lang.AssertionError">
            <message>
              <![CDATA[expected [true] but found [false]]]>
            </message>
            <full-stacktrace>
              <![CDATA[java.lang.AssertionError: expected [true] but found [false]
	at org.testng.Assert.fail(Assert.java:93)
	at org.testng.Assert.failNotEquals(Assert.java:512)
	at org.testng.Assert.assertTrue(Assert.java:41)
	at org.testng.Assert.assertTrue(Assert.java:51)
	at com.mmp.admin_login.UsersTest.changeStatusBlank(UsersTest.java:98)
	at sun.reflect.NativeMethodAccessorImpl.invoke0(Native Method)
	at sun.reflect.NativeMethodAccessorImpl.invoke(NativeMethodAccessorImpl.java:62)
	at sun.reflect.DelegatingMethodAccessorImpl.invoke(DelegatingMethodAccessorImpl.java:43)
	at java.lang.reflect.Method.invoke(Method.java:498)
	at org.testng.internal.MethodInvocationHelper.invokeMethod(MethodInvocationHelper.java:108)
	at org.testng.internal.Invoker.invokeMethod(Invoker.java:661)
	at org.testng.internal.Invoker.invokeTestMethod(Invoker.java:869)
	at org.testng.internal.Invoker.invokeTestMethods(Invoker.java:1193)
	at org.testng.internal.TestMethodWorker.invokeTestMethods(TestMethodWorker.java:126)
	at org.testng.internal.TestMethodWorker.run(TestMethodWorker.java:109)
	at org.testng.TestRunner.privateRun(TestRunner.java:744)
	at org.testng.TestRunner.run(TestRunner.java:602)
	at org.testng.SuiteRunner.runTest(SuiteRunner.java:380)
	at org.testng.SuiteRunner.runSequentially(SuiteRunner.java:375)
	at org.testng.SuiteRunner.privateRun(SuiteRunner.java:340)
	at org.testng.SuiteRunner.run(SuiteRunner.java:289)
	at org.testng.SuiteRunnerWorker.runSuite(SuiteRunnerWorker.java:52)
	at org.testng.SuiteRunnerWorker.run(SuiteRunnerWorker.java:86)
	at org.testng.TestNG.runSuitesSequentially(TestNG.java:1301)
	at org.testng.TestNG.runSuitesLocally(TestNG.java:1226)
	at org.testng.TestNG.runSuites(TestNG.java:1144)
	at org.testng.TestNG.run(TestNG.java:1115)
	at org.apache.maven.surefire.testng.TestNGExecutor.run(TestNGExecutor.java:77)
	at org.apache.maven.surefire.testng.TestNGDirectoryTestSuite.executeMulti(TestNGDirectoryTestSuite.java:159)
	at org.apache.maven.surefire.testng.TestNGDirectoryTestSuite.execute(TestNGDirectoryTestSuite.java:99)
	at org.apache.maven.surefire.testng.TestNGProvider.invoke(TestNGProvider.java:106)
	at sun.reflect.NativeMethodAccessorImpl.invoke0(Native Method)
	at sun.reflect.NativeMethodAccessorImpl.invoke(NativeMethodAccessorImpl.java:62)
	at sun.reflect.DelegatingMethodAccessorImpl.invoke(DelegatingMethodAccessorImpl.java:43)
	at java.lang.reflect.Method.invoke(Method.java:498)
	at org.apache.maven.surefire.util.ReflectionUtils.invokeMethodWithArray(ReflectionUtils.java:189)
	at org.apache.maven.surefire.booter.ProviderFactory$ProviderProxy.invoke(ProviderFactory.java:165)
	at org.apache.maven.surefire.booter.ProviderFactory.invokeProvider(ProviderFactory.java:85)
	at org.apache.maven.surefire.booter.ForkedBooter.runSuitesInProcess(ForkedBooter.java:115)
	at org.apache.maven.surefire.booter.ForkedBooter.main(ForkedBooter.java:75)
]]>
            </full-stacktrace>
          </exception> <!-- java.lang.AssertionError -->
          <reporter-output>
          </reporter-output>
        </test-method> <!-- changeStatusBlank -->
        <test-method status="PASS" signature="closeDriver()[pri:0, instance:com.mmp.admin_login.UsersTest@3f2a3a5]" name="closeDriver" is-config="true" duration-ms="41" started-at="2017-09-20T10:11:26Z" finished-at="2017-09-20T10:11:26Z">
          <reporter-output>
          </reporter-output>
        </test-method> <!-- closeDriver -->
      </class> <!-- com.mmp.admin_login.UsersTest -->
      <class name="com.mmp.admin_login.LoginTest">
        <test-method status="PASS" signature="setUp()[pri:0, instance:com.mmp.admin_login.LoginTest@4cb2c100]" name="setUp" is-config="true" duration-ms="9630" started-at="2017-09-20T10:09:08Z" finished-at="2017-09-20T10:09:17Z">
          <reporter-output>
          </reporter-output>
        </test-method> <!-- setUp -->
        <test-method status="PASS" signature="logInWithValid(java.lang.String, java.lang.String)[pri:0, instance:com.mmp.admin_login.LoginTest@4cb2c100]" name="logInWithValid" duration-ms="10649" started-at="2017-09-20T10:09:17Z" description="validate the Admin LOGIN form with all the valid values in the given fields" data-provider="credentials" finished-at="2017-09-20T10:09:28Z">
          <params>
            <param index="0">
              <value>
                <![CDATA[samjones]]>
              </value>
            </param>
            <param index="1">
              <value>
                <![CDATA[Samjones123]]>
              </value>
            </param>
          </params>
          <reporter-output>
          </reporter-output>
        </test-method> <!-- logInWithValid -->
        <test-method status="PASS" signature="closeDriver()[pri:0, instance:com.mmp.admin_login.LoginTest@4cb2c100]" name="closeDriver" is-config="true" duration-ms="48" started-at="2017-09-20T10:09:28Z" finished-at="2017-09-20T10:09:28Z">
          <reporter-output>
          </reporter-output>
        </test-method> <!-- closeDriver -->
        <test-method status="PASS" signature="setUp()[pri:0, instance:com.mmp.admin_login.LoginTest@4cb2c100]" name="setUp" is-config="true" duration-ms="9707" started-at="2017-09-20T10:09:40Z" finished-at="2017-09-20T10:09:50Z">
          <reporter-output>
          </reporter-output>
        </test-method> <!-- setUp -->
        <test-method status="PASS" signature="logInWithInvalid(java.lang.String, java.lang.String)[pri:1, instance:com.mmp.admin_login.LoginTest@4cb2c100]" name="logInWithInvalid" duration-ms="1317" started-at="2017-09-20T10:09:50Z" description="validate the Admin LOGIN form with all the invalid values in the given fields" data-provider="credentials" finished-at="2017-09-20T10:09:51Z">
          <params>
            <param index="0">
              <value>
                <![CDATA[samjones]]>
              </value>
            </param>
            <param index="1">
              <value>
                <![CDATA[India]]>
              </value>
            </param>
          </params>
          <reporter-output>
          </reporter-output>
        </test-method> <!-- logInWithInvalid -->
        <test-method status="PASS" signature="closeDriver()[pri:0, instance:com.mmp.admin_login.LoginTest@4cb2c100]" name="closeDriver" is-config="true" duration-ms="48" started-at="2017-09-20T10:09:51Z" finished-at="2017-09-20T10:09:51Z">
          <reporter-output>
          </reporter-output>
        </test-method> <!-- closeDriver -->
        <test-method status="PASS" signature="setUp()[pri:0, instance:com.mmp.admin_login.LoginTest@4cb2c100]" name="setUp" is-config="true" duration-ms="9895" started-at="2017-09-20T10:09:51Z" finished-at="2017-09-20T10:10:01Z">
          <reporter-output>
          </reporter-output>
        </test-method> <!-- setUp -->
        <test-method status="PASS" signature="logInWithInvalid(java.lang.String, java.lang.String)[pri:1, instance:com.mmp.admin_login.LoginTest@4cb2c100]" name="logInWithInvalid" duration-ms="1696" started-at="2017-09-20T10:10:01Z" description="validate the Admin LOGIN form with all the invalid values in the given fields" data-provider="credentials" finished-at="2017-09-20T10:10:03Z">
          <params>
            <param index="0">
              <value>
                <![CDATA[swmod]]>
              </value>
            </param>
            <param index="1">
              <value>
                <![CDATA[Samjones123]]>
              </value>
            </param>
          </params>
          <reporter-output>
          </reporter-output>
        </test-method> <!-- logInWithInvalid -->
        <test-method status="PASS" signature="closeDriver()[pri:0, instance:com.mmp.admin_login.LoginTest@4cb2c100]" name="closeDriver" is-config="true" duration-ms="42" started-at="2017-09-20T10:10:03Z" finished-at="2017-09-20T10:10:03Z">
          <reporter-output>
          </reporter-output>
        </test-method> <!-- closeDriver -->
        <test-method status="PASS" signature="setUp()[pri:0, instance:com.mmp.admin_login.LoginTest@4cb2c100]" name="setUp" is-config="true" duration-ms="9797" started-at="2017-09-20T10:10:03Z" finished-at="2017-09-20T10:10:13Z">
          <reporter-output>
          </reporter-output>
        </test-method> <!-- setUp -->
        <test-method status="PASS" signature="logInWithInvalid(java.lang.String, java.lang.String)[pri:1, instance:com.mmp.admin_login.LoginTest@4cb2c100]" name="logInWithInvalid" duration-ms="1365" started-at="2017-09-20T10:10:13Z" description="validate the Admin LOGIN form with all the invalid values in the given fields" data-provider="credentials" finished-at="2017-09-20T10:10:14Z">
          <params>
            <param index="0">
              <value>
                <![CDATA[charlotte]]>
              </value>
            </param>
            <param index="1">
              <value>
                <![CDATA[USA]]>
              </value>
            </param>
          </params>
          <reporter-output>
          </reporter-output>
        </test-method> <!-- logInWithInvalid -->
        <test-method status="PASS" signature="closeDriver()[pri:0, instance:com.mmp.admin_login.LoginTest@4cb2c100]" name="closeDriver" is-config="true" duration-ms="53" started-at="2017-09-20T10:10:14Z" finished-at="2017-09-20T10:10:14Z">
          <reporter-output>
          </reporter-output>
        </test-method> <!-- closeDriver -->
        <test-method status="PASS" signature="setUp()[pri:0, instance:com.mmp.admin_login.LoginTest@4cb2c100]" name="setUp" is-config="true" duration-ms="9857" started-at="2017-09-20T10:10:14Z" finished-at="2017-09-20T10:10:24Z">
          <reporter-output>
          </reporter-output>
        </test-method> <!-- setUp -->
        <test-method status="PASS" signature="logInWithBlank()[pri:2, instance:com.mmp.admin_login.LoginTest@4cb2c100]" name="logInWithBlank" duration-ms="777" started-at="2017-09-20T10:10:24Z" description="validate the Admin LOGIN form with the fields blank" finished-at="2017-09-20T10:10:25Z">
          <reporter-output>
          </reporter-output>
        </test-method> <!-- logInWithBlank -->
        <test-method status="PASS" signature="closeDriver()[pri:0, instance:com.mmp.admin_login.LoginTest@4cb2c100]" name="closeDriver" is-config="true" duration-ms="41" started-at="2017-09-20T10:10:25Z" finished-at="2017-09-20T10:10:25Z">
          <reporter-output>
          </reporter-output>
        </test-method> <!-- closeDriver -->
        <test-method status="PASS" signature="setUp()[pri:0, instance:com.mmp.admin_login.LoginTest@4cb2c100]" name="setUp" is-config="true" duration-ms="9905" started-at="2017-09-20T10:10:39Z" finished-at="2017-09-20T10:10:49Z">
          <reporter-output>
          </reporter-output>
        </test-method> <!-- setUp -->
        <test-method status="PASS" signature="forgotPwordLink()[pri:3, instance:com.mmp.admin_login.LoginTest@4cb2c100]" name="forgotPwordLink" duration-ms="909" started-at="2017-09-20T10:10:49Z" description=" validate the Forgot Password Link." finished-at="2017-09-20T10:10:50Z">
          <reporter-output>
          </reporter-output>
        </test-method> <!-- forgotPwordLink -->
        <test-method status="PASS" signature="closeDriver()[pri:0, instance:com.mmp.admin_login.LoginTest@4cb2c100]" name="closeDriver" is-config="true" duration-ms="43" started-at="2017-09-20T10:10:50Z" finished-at="2017-09-20T10:10:50Z">
          <reporter-output>
          </reporter-output>
        </test-method> <!-- closeDriver -->
        <test-method status="PASS" signature="setUp()[pri:0, instance:com.mmp.admin_login.LoginTest@4cb2c100]" name="setUp" is-config="true" duration-ms="9945" started-at="2017-09-20T10:11:04Z" finished-at="2017-09-20T10:11:13Z">
          <reporter-output>
          </reporter-output>
        </test-method> <!-- setUp -->
        <test-method status="PASS" signature="forgotPwordValid(java.lang.String, java.lang.String)[pri:4, instance:com.mmp.admin_login.LoginTest@4cb2c100]" name="forgotPwordValid" duration-ms="1467" started-at="2017-09-20T10:11:13Z" description="validate the Forgot Password functionality with valid values" data-provider="credentials" finished-at="2017-09-20T10:11:15Z">
          <params>
            <param index="0">
              <value>
                <![CDATA[samjones@gmail.com]]>
              </value>
            </param>
            <param index="1">
              <value>
                <![CDATA[samjones]]>
              </value>
            </param>
          </params>
          <reporter-output>
          </reporter-output>
        </test-method> <!-- forgotPwordValid -->
        <test-method status="PASS" signature="closeDriver()[pri:0, instance:com.mmp.admin_login.LoginTest@4cb2c100]" name="closeDriver" is-config="true" duration-ms="43" started-at="2017-09-20T10:11:15Z" finished-at="2017-09-20T10:11:15Z">
          <reporter-output>
          </reporter-output>
        </test-method> <!-- closeDriver -->
        <test-method status="PASS" signature="setUp()[pri:0, instance:com.mmp.admin_login.LoginTest@4cb2c100]" name="setUp" is-config="true" duration-ms="9898" started-at="2017-09-20T10:11:15Z" finished-at="2017-09-20T10:11:25Z">
          <reporter-output>
          </reporter-output>
        </test-method> <!-- setUp -->
        <test-method status="PASS" signature="forgotPwordInvalid()[pri:5, instance:com.mmp.admin_login.LoginTest@4cb2c100]" name="forgotPwordInvalid" duration-ms="974" started-at="2017-09-20T10:11:25Z" description="validate the Forgot Password functionality with invalid values" finished-at="2017-09-20T10:11:26Z">
          <reporter-output>
          </reporter-output>
        </test-method> <!-- forgotPwordInvalid -->
        <test-method status="PASS" signature="closeDriver()[pri:0, instance:com.mmp.admin_login.LoginTest@4cb2c100]" name="closeDriver" is-config="true" duration-ms="40" started-at="2017-09-20T10:11:26Z" finished-at="2017-09-20T10:11:26Z">
          <reporter-output>
          </reporter-output>
        </test-method> <!-- closeDriver -->
      </class> <!-- com.mmp.admin_login.LoginTest -->
    </test> <!-- Command line test -->
  </suite> <!-- Command line suite -->
</testng-results>
